Using pre-set license
Built from '2021.3/staging' branch; Version is '2021.3.14f1 (eee1884e7226) revision 15655304'; Using compiler version '192829333'; Build Type 'Release'
OS: 'Windows 11  (10.0.22621) 64bit Core' Language: 'en' Physical Memory: 16226 MB
BatchMode: 1, IsHumanControllingUs: 0, StartBugReporterOnCrash: 0, Is64bit: 1, IsPro: 1

COMMAND LINE ARGUMENTS:
C:\Program Files\Unity\Hub\Editor\2021.3.14f1\Editor\Unity.exe
-adb2
-batchMode
-noUpm
-name
AssetImportWorker0
-projectPath
C:/Users/ericg/OneDrive/Documentos/GitHub/DesignPatternsUnity/DesignPatterns
-logFile
Logs/AssetImportWorker0.log
-srvPort
54451
Successfully changed project path to: C:/Users/ericg/OneDrive/Documentos/GitHub/DesignPatternsUnity/DesignPatterns
C:/Users/ericg/OneDrive/Documentos/GitHub/DesignPatternsUnity/DesignPatterns
[UnityMemory] Configuration Parameters - Can be set up in boot.config
    "memorysetup-bucket-allocator-granularity=16"
    "memorysetup-bucket-allocator-bucket-count=8"
    "memorysetup-bucket-allocator-block-size=33554432"
    "memorysetup-bucket-allocator-block-count=8"
    "memorysetup-main-allocator-block-size=16777216"
    "memorysetup-thread-allocator-block-size=16777216"
    "memorysetup-gfx-main-allocator-block-size=16777216"
    "memorysetup-gfx-thread-allocator-block-size=16777216"
    "memorysetup-cache-allocator-block-size=4194304"
    "memorysetup-typetree-allocator-block-size=2097152"
    "memorysetup-profiler-bucket-allocator-granularity=16"
    "memorysetup-profiler-bucket-allocator-bucket-count=8"
    "memorysetup-profiler-bucket-allocator-block-size=33554432"
    "memorysetup-profiler-bucket-allocator-block-count=8"
    "memorysetup-profiler-allocator-block-size=16777216"
    "memorysetup-profiler-editor-allocator-block-size=1048576"
    "memorysetup-temp-allocator-size-main=16777216"
    "memorysetup-job-temp-allocator-block-size=2097152"
    "memorysetup-job-temp-allocator-block-size-background=1048576"
    "memorysetup-job-temp-allocator-reduction-small-platforms=262144"
    "memorysetup-temp-allocator-size-background-worker=32768"
    "memorysetup-temp-allocator-size-job-worker=262144"
    "memorysetup-temp-allocator-size-preload-manager=33554432"
    "memorysetup-temp-allocator-size-nav-mesh-worker=65536"
    "memorysetup-temp-allocator-size-audio-worker=65536"
    "memorysetup-temp-allocator-size-cloud-worker=32768"
    "memorysetup-temp-allocator-size-gi-baking-worker=262144"
    "memorysetup-temp-allocator-size-gfx=262144"
Refreshing native plugins compatible for Editor in 101.24 ms, found 4 plugins.
Preloading 0 native plugins for Editor in 0.00 ms.
Initialize engine version: 2021.3.14f1 (eee1884e7226)
[Subsystems] Discovering subsystems at path C:/Program Files/Unity/Hub/Editor/2021.3.14f1/Editor/Data/Resources/UnitySubsystems
[Subsystems] Discovering subsystems at path C:/Users/ericg/OneDrive/Documentos/GitHub/DesignPatternsUnity/DesignPatterns/Assets
GfxDevice: creating device client; threaded=0; jobified=0
Direct3D:
    Version:  Direct3D 11.0 [level 11.1]
    Renderer: NVIDIA GeForce RTX 2060 (ID=0x1f11)
    Vendor:   NVIDIA
    VRAM:     5968 MB
    Driver:   31.0.15.3141
Initialize mono
Mono path[0] = 'C:/Program Files/Unity/Hub/Editor/2021.3.14f1/Editor/Data/Managed'
Mono path[1] = 'C:/Program Files/Unity/Hub/Editor/2021.3.14f1/Editor/Data/MonoBleedingEdge/lib/mono/unityjit-win32'
Mono config path = 'C:/Program Files/Unity/Hub/Editor/2021.3.14f1/Editor/Data/MonoBleedingEdge/etc'
Using monoOptions --debugger-agent=transport=dt_socket,embedding=1,server=y,suspend=n,address=127.0.0.1:56436
Begin MonoManager ReloadAssembly
Registering precompiled unity dll's ...
Register platform support module: C:/Program Files/Unity/Hub/Editor/2021.3.14f1/Editor/Data/PlaybackEngines/AndroidPlayer/UnityEditor.Android.Extensions.dll
Register platform support module: C:/Program Files/Unity/Hub/Editor/2021.3.14f1/Editor/Data/PlaybackEngines/iOSSupport/UnityEditor.iOS.Extensions.dll
Register platform support module: C:/Program Files/Unity/Hub/Editor/2021.3.14f1/Editor/Data/PlaybackEngines/WindowsStandaloneSupport/UnityEditor.WindowsStandalone.Extensions.dll
Registered in 0.007302 seconds.
Native extension for WindowsStandalone target not found
[usbmuxd] Start listen thread
[usbmuxd] Listen thread started
Native extension for iOS target not found
Native extension for Android target not found
Refreshing native plugins compatible for Editor in 102.70 ms, found 4 plugins.
Preloading 0 native plugins for Editor in 0.00 ms.
Mono: successfully reloaded assembly
- Completed reload, in  0.743 seconds
Domain Reload Profiling:
	ReloadAssembly (744ms)
		BeginReloadAssembly (81ms)
			ExecutionOrderSort (0ms)
			DisableScriptedObjects (0ms)
			BackupInstance (0ms)
			ReleaseScriptingObjects (0ms)
			CreateAndSetChildDomain (1ms)
		EndReloadAssembly (546ms)
			LoadAssemblies (79ms)
			RebuildTransferFunctionScriptingTraits (0ms)
			SetupTypeCache (117ms)
			ReleaseScriptCaches (0ms)
			RebuildScriptCaches (36ms)
			SetupLoadedEditorAssemblies (337ms)
				LogAssemblyErrors (0ms)
				InitializePlatformSupportModulesInManaged (72ms)
				SetLoadedEditorAssemblies (1ms)
				RefreshPlugins (103ms)
				BeforeProcessingInitializeOnLoad (2ms)
				ProcessInitializeOnLoadAttributes (109ms)
				ProcessInitializeOnLoadMethodAttributes (51ms)
				AfterProcessingInitializeOnLoad (0ms)
				EditorAssembliesLoaded (0ms)
			ExecutionOrderSort2 (0ms)
			AwakeInstancesAfterBackupRestoration (0ms)
Platform modules already initialized, skipping
Registering precompiled user dll's ...
Registered in 0.007933 seconds.
Begin MonoManager ReloadAssembly
Symbol file LoadedFromMemory doesn't match image C:\Users\ericg\OneDrive\Documentos\GitHub\DesignPatternsUnity\DesignPatterns\Library\PackageCache\com.unity.visualscripting@1.7.8\Editor\VisualScripting.Core\Dependencies\YamlDotNet\Unity.VisualScripting.YamlDotNet.dll
Symbol file LoadedFromMemory doesn't match image C:\Users\ericg\OneDrive\Documentos\GitHub\DesignPatternsUnity\DesignPatterns\Library\PackageCache\com.unity.visualscripting@1.7.8\Editor\VisualScripting.Core\Dependencies\DotNetZip\Unity.VisualScripting.IonicZip.dll
Native extension for WindowsStandalone target not found
Native extension for iOS target not found
Native extension for Android target not found
Refreshing native plugins compatible for Editor in 101.92 ms, found 4 plugins.
Preloading 0 native plugins for Editor in 0.00 ms.
Mono: successfully reloaded assembly
- Completed reload, in  1.591 seconds
Domain Reload Profiling:
	ReloadAssembly (1592ms)
		BeginReloadAssembly (246ms)
			ExecutionOrderSort (0ms)
			DisableScriptedObjects (7ms)
			BackupInstance (0ms)
			ReleaseScriptingObjects (0ms)
			CreateAndSetChildDomain (140ms)
		EndReloadAssembly (1221ms)
			LoadAssemblies (102ms)
			RebuildTransferFunctionScriptingTraits (0ms)
			SetupTypeCache (341ms)
			ReleaseScriptCaches (1ms)
			RebuildScriptCaches (78ms)
			SetupLoadedEditorAssemblies (636ms)
				LogAssemblyErrors (0ms)
				InitializePlatformSupportModulesInManaged (25ms)
				SetLoadedEditorAssemblies (0ms)
				RefreshPlugins (102ms)
				BeforeProcessingInitializeOnLoad (126ms)
				ProcessInitializeOnLoadAttributes (323ms)
				ProcessInitializeOnLoadMethodAttributes (54ms)
				AfterProcessingInitializeOnLoad (6ms)
				EditorAssembliesLoaded (0ms)
			ExecutionOrderSort2 (0ms)
			AwakeInstancesAfterBackupRestoration (6ms)
Platform modules already initialized, skipping
========================================================================
Worker process is ready to serve import requests
Launched and connected shader compiler UnityShaderCompiler.exe after 0.05 seconds
Refreshing native plugins compatible for Editor in 1.56 ms, found 4 plugins.
Preloading 0 native plugins for Editor in 0.00 ms.
Unloading 4043 Unused Serialized files (Serialized files now loaded: 0)
Unloading 44 unused Assets / (228.9 KB). Loaded Objects now: 4495.
Memory consumption went from 152.0 MB to 151.7 MB.
Total: 4.651900 ms (FindLiveObjects: 0.581600 ms CreateObjectMapping: 0.386400 ms MarkObjects: 3.532700 ms  DeleteObjects: 0.150000 ms)

AssetImportParameters requested are different than current active one (requested -> active):
  custom:video-decoder-ogg-theora: a1e56fd34408186e4bbccfd4996cb3dc -> 
  custom:container-muxer-webm: aa71ff27fc2769a1b78a27578f13a17b -> 
  custom:container-demuxer-webm: 4f35f7cbe854078d1ac9338744f61a02 -> 
  custom:video-encoder-webm-vp8: eb34c28f22e8b96e1ab97ce403110664 -> 
  custom:audio-encoder-webm-vorbis: bf7c407c2cedff20999df2af8eb42d56 -> 
  custom:framework-win-MediaFoundation: 216162199b28c13a410421893ffa2e32 -> 
  custom:container-demuxer-ogg: 62fdf1f143b41e24485cea50d1cbac27 -> 
  custom:video-decoder-webm-vp8: 9c59270c3fd7afecdb556c50c9e8de78 -> 
  custom:audio-decoder-ogg-vorbis: bf7c407c2cedff20999df2af8eb42d56 -> 
========================================================================
Received Import Request.
  Time since last request: 5782.284897 seconds.
  path: Assets/Scenes/SampleScene.unity
  artifactKey: Guid(2cda990e2423bbf4892e6590ba056729) Importer(815301076,1909f56bfc062723c751e8b465ee728b)
Start importing Assets/Scenes/SampleScene.unity using Guid(2cda990e2423bbf4892e6590ba056729) Importer(815301076,1909f56bfc062723c751e8b465ee728b)  -> (artifact id: 'e24c38ded777c6eac716cf6ee885caa1') in 0.013212 seconds 
========================================================================
Received Import Request.
  Time since last request: 30.250008 seconds.
  path: Assets/SceneModel
  artifactKey: Guid(131a6b21c8605f84396be9f6751fb6e3) Importer(815301076,1909f56bfc062723c751e8b465ee728b)
Start importing Assets/SceneModel using Guid(131a6b21c8605f84396be9f6751fb6e3) Importer(815301076,1909f56bfc062723c751e8b465ee728b)  -> (artifact id: '60700a1d080f6a8ef73b06a4d5e645a6') in 0.013685 seconds 
========================================================================
Received Import Request.
  Time since last request: 7.112961 seconds.
  path: Assets/SceneModel/SceneModel.unity
  artifactKey: Guid(2cda990e2423bbf4892e6590ba056729) Importer(815301076,1909f56bfc062723c751e8b465ee728b)
Start importing Assets/SceneModel/SceneModel.unity using Guid(2cda990e2423bbf4892e6590ba056729) Importer(815301076,1909f56bfc062723c751e8b465ee728b)  -> (artifact id: '63a1031edd1f9bf097f217906a233e7b') in 0.007753 seconds 
========================================================================
Received Import Request.
  Time since last request: 7.866586 seconds.
  path: Assets
  artifactKey: Guid(00000000000000001000000000000000) Importer(815301076,1909f56bfc062723c751e8b465ee728b)
Start importing Assets using Guid(00000000000000001000000000000000) Importer(815301076,1909f56bfc062723c751e8b465ee728b)  -> (artifact id: '79842766b460edbeab6a34051e857a80') in 0.007870 seconds 
========================================================================
Received Import Request.
  Time since last request: 12.632357 seconds.
  path: Assets/FactoryMethod
  artifactKey: Guid(8595282c83cb8024795d2fafdd6fb923) Importer(815301076,1909f56bfc062723c751e8b465ee728b)
Start importing Assets/FactoryMethod using Guid(8595282c83cb8024795d2fafdd6fb923) Importer(815301076,1909f56bfc062723c751e8b465ee728b)  -> (artifact id: 'e015766435c12a09a96cb000f2d13f25') in 0.007659 seconds 
========================================================================
Received Import Request.
  Time since last request: 6.774540 seconds.
  path: Assets/FactoryMethod/Scenes
  artifactKey: Guid(e83e6a098006e4e4aa9fdbae193ec134) Importer(815301076,1909f56bfc062723c751e8b465ee728b)
Start importing Assets/FactoryMethod/Scenes using Guid(e83e6a098006e4e4aa9fdbae193ec134) Importer(815301076,1909f56bfc062723c751e8b465ee728b)  -> (artifact id: '6bf3615c0f70d98e23bbfd014fcf17e2') in 0.002234 seconds 
========================================================================
Received Import Request.
  Time since last request: 23.083893 seconds.
  path: Assets/FactoryMethod/Scenes/FactoryMethod_Scene.unity
  artifactKey: Guid(e8b060d5b6e5e27429bea71c2e7a6780) Importer(815301076,1909f56bfc062723c751e8b465ee728b)
Start importing Assets/FactoryMethod/Scenes/FactoryMethod_Scene.unity using Guid(e8b060d5b6e5e27429bea71c2e7a6780) Importer(815301076,1909f56bfc062723c751e8b465ee728b)  -> (artifact id: '600a44d7eff005df6b8d1c864beb22cf') in 0.006763 seconds 
========================================================================
Received Import Request.
  Time since last request: 9.997163 seconds.
  path: Assets/FactoryMethod/Scenes/Scene.unity
  artifactKey: Guid(e8b060d5b6e5e27429bea71c2e7a6780) Importer(815301076,1909f56bfc062723c751e8b465ee728b)
Start importing Assets/FactoryMethod/Scenes/Scene.unity using Guid(e8b060d5b6e5e27429bea71c2e7a6780) Importer(815301076,1909f56bfc062723c751e8b465ee728b)  -> (artifact id: '122eb59a0ad5154dd6b51810e239803b') in 0.008440 seconds 
========================================================================
Received Import Request.
  Time since last request: 13.590665 seconds.
  path: Assets/New Folder
  artifactKey: Guid(603d599d36217994689d6eedb16ac9a9) Importer(815301076,1909f56bfc062723c751e8b465ee728b)
Start importing Assets/New Folder using Guid(603d599d36217994689d6eedb16ac9a9) Importer(815301076,1909f56bfc062723c751e8b465ee728b)  -> (artifact id: '84c4c5e90960f1b53204149ff2c6f63c') in 0.008223 seconds 
========================================================================
Received Import Request.
  Time since last request: 5.662416 seconds.
  path: Assets/Abstract
  artifactKey: Guid(603d599d36217994689d6eedb16ac9a9) Importer(815301076,1909f56bfc062723c751e8b465ee728b)
Start importing Assets/Abstract using Guid(603d599d36217994689d6eedb16ac9a9) Importer(815301076,1909f56bfc062723c751e8b465ee728b)  -> (artifact id: '5e5d7650e2f85047de4a3e6005c72488') in 0.011659 seconds 
========================================================================
Received Import Request.
  Time since last request: 6.984968 seconds.
  path: Assets/AbstractFactory
  artifactKey: Guid(603d599d36217994689d6eedb16ac9a9) Importer(815301076,1909f56bfc062723c751e8b465ee728b)
Start importing Assets/AbstractFactory using Guid(603d599d36217994689d6eedb16ac9a9) Importer(815301076,1909f56bfc062723c751e8b465ee728b)  -> (artifact id: 'c1fc9664cfc461b481a15a075c239c7e') in 0.008549 seconds 
========================================================================
Received Import Request.
  Time since last request: 5.931542 seconds.
  path: Assets/AbstractFactory/Scenes
  artifactKey: Guid(7cf790380d0ffc34bb6bcf0da72f3bfc) Importer(815301076,1909f56bfc062723c751e8b465ee728b)
Start importing Assets/AbstractFactory/Scenes using Guid(7cf790380d0ffc34bb6bcf0da72f3bfc) Importer(815301076,1909f56bfc062723c751e8b465ee728b)  -> (artifact id: '61c35bc4843bde7706925fe11035c048') in 0.001932 seconds 
========================================================================
Received Import Request.
  Time since last request: 7.653593 seconds.
  path: Assets/AbstractFactory/Scenes/Scene.unity
  artifactKey: Guid(c4ac0dcd6e83129429ac24fe9a21b3fa) Importer(815301076,1909f56bfc062723c751e8b465ee728b)
Start importing Assets/AbstractFactory/Scenes/Scene.unity using Guid(c4ac0dcd6e83129429ac24fe9a21b3fa) Importer(815301076,1909f56bfc062723c751e8b465ee728b)  -> (artifact id: 'ac72a9c6e22de44f32571ae70585b7b4') in 0.001849 seconds 
